{
    "timestamp": "2025-09-19 04:13:12",
    "method": "GET",
    "url": "\/smart_pill\/debug_peticiones_app.php?show_logs=1",
    "headers": {
        "User-Agent": "Mozilla\/5.0 (Windows NT; Windows NT 10.0; es-AR) WindowsPowerShell\/5.1.19041.6328",
        "Host": "192.168.0.125",
        "Connection": "Keep-Alive"
    },
    "query_params": {
        "show_logs": "1"
    },
    "body": "",
    "body_decoded": null,
    "user_agent": "Mozilla\/5.0 (Windows NT; Windows NT 10.0; es-AR) WindowsPowerShell\/5.1.19041.6328",
    "remote_addr": "192.168.0.125"
}

{
    "timestamp": "2025-09-19 04:25:02",
    "method": "GET",
    "url": "\/smart_pill\/debug_peticiones_app.php?show_logs=1",
    "headers": {
        "User-Agent": "Mozilla\/5.0 (Windows NT; Windows NT 10.0; es-AR) WindowsPowerShell\/5.1.19041.6328",
        "Host": "192.168.0.125",
        "Connection": "Keep-Alive"
    },
    "query_params": {
        "show_logs": "1"
    },
    "body": "",
    "body_decoded": null,
    "user_agent": "Mozilla\/5.0 (Windows NT; Windows NT 10.0; es-AR) WindowsPowerShell\/5.1.19041.6328",
    "remote_addr": "192.168.0.125"
}

{
    "timestamp": "2025-09-19 04:26:46",
    "method": "GET",
    "url": "\/smart_pill\/debug_peticiones_app.php?show_logs=1",
    "headers": {
        "Host": "192.168.0.125",
        "Accept": "*\/*"
    },
    "query_params": {
        "show_logs": "1"
    },
    "body": "",
    "body_decoded": null,
    "user_agent": "Unknown",
    "remote_addr": "192.168.0.125"
}

{
    "timestamp": "2025-09-19 04:27:20",
    "method": "GET",
    "url": "\/smart_pill\/debug_peticiones_app.php?show_logs=1",
    "headers": {
        "Host": "192.168.0.125",
        "Accept": "*\/*"
    },
    "query_params": {
        "show_logs": "1"
    },
    "body": "",
    "body_decoded": null,
    "user_agent": "Unknown",
    "remote_addr": "192.168.0.125"
}

